[INFO] Scanning for projects...
[INFO] 
[INFO] ----------------------< com.novatech:service-app >----------------------
[INFO] Building NovaTech Service App 0.0.1-SNAPSHOT
[INFO]   from pom.xml
[INFO] --------------------------------[ jar ]---------------------------------
[INFO] 
[INFO] --- clean:3.4.1:clean (default-clean) @ service-app ---
[INFO] Deleting C:\Users\miniOrange\Desktop\NEW CODE\NovaTech-Multitenant-SSO-Project\target
[INFO] 
[INFO] --- resources:3.3.1:resources (default-resources) @ service-app ---
[INFO] Copying 2 resources from src\main\resources to target\classes
[INFO] Copying 16 resources from src\main\resources to target\classes
[INFO] 
[INFO] --- compiler:3.11.0:compile (default-compile) @ service-app ---
[INFO] Changes detected - recompiling the module! :source
[INFO] Compiling 28 source files with javac [debug release 21] to target\classes
[INFO] ------------------------------------------------------------------------
[INFO] BUILD FAILURE
[INFO] ------------------------------------------------------------------------
[INFO] Total time:  1.158 s
[INFO] Finished at: 2025-12-04T19:44:08+05:30
[INFO] ------------------------------------------------------------------------
[ERROR] Failed to execute goal org.apache.maven.plugins:maven-compiler-plugin:3.11.0:compile (default-compile) on project service-app: Fatal error compiling: invalid flag: --release -> [Help 1]
[ERROR] 
[ERROR] To see the full stack trace of the errors, re-run Maven with the -e switch.
[ERROR] Re-run Maven using the -X switch to enable full debug logging.
[ERROR] 
[ERROR] For more information about the errors and possible solutions, please read the following articles:
[ERROR] [Help 1] http://cwiki.apache.org/confluence/display/MAVEN/MojoExecutionException
